<?xml version="1.0" encoding="UTF-8"?>
<!-- Generated by org.testng.reporters.JUnitXMLReporter -->
<testsuite ignored="0" hostname="DESKTOP-PVI9R6Q" failures="0" tests="5" name="Following Test" time="84.544" errors="0" timestamp="2023-09-08T19:23:23 GMT-04:00">
  <testcase classname="testlayer.AddtoCartTest" name="validateAddtoCart" time="18.723"/>
  <testcase classname="testlayer.ProductPageTest" name="filtertest" time="5.259"/>
  <testcase classname="testlayer.ProductPageTest" name="paginationtest" time="11.475"/>
  <testcase classname="testlayer.SpecificProductTest" name="beforecart" time="23.388"/>
  <testcase classname="testlayer.OrderTest" name="orderhistory" time="8.57"/>
</testsuite> <!-- Following Test -->
