<?xml version="1.0" encoding="UTF-8"?>
<!-- Generated by org.testng.reporters.JUnitXMLReporter -->
<testsuite ignored="0" hostname="DESKTOP-PVI9R6Q" failures="0" tests="4" name="Initial test" time="40.9" errors="0" timestamp="2023-09-08T19:21:59 GMT-04:00">
  <testcase classname="testlayer.SearchTest" name="search" time="6.635"/>
  <testcase classname="testlayer.SearchTest" name="search" time="7.207"/>
  <testcase classname="testlayer.SearchTest" name="search" time="5.013"/>
  <testcase classname="testlayer.SigninTest" name="successfulsignin" time="6.101"/>
</testsuite> <!-- Initial test -->
